lhws151.ihep.ac.cn
/publicfs/cms/user/wangzebing/ALP/Plot
Running analysis in channel: inclusive
getting ntuples from: /publicfs/cms/user/wangzebing/ALP/Analysis_out/UL/run2
using signals: 
['M1', 'M2', 'M3', 'M4', 'M5', 'M6', 'M7', 'M8', 'M9', 'M10', 'M15', 'M20', 'M25', 'M30']
using backgrounds:
['DYJetsToLL']


On sample: DYJetsToLL
total events: 1025102
looking at event 1
looking at event 100001
looking at event 200001
looking at event 300001
looking at event 400001
looking at event 500001
looking at event 600001
looking at event 700001
looking at event 800001
looking at event 900001
looking at event 1000001


On sample: M1
total events: 44539
looking at event 1


On sample: M2
total events: 50272
looking at event 1


On sample: M3
total events: 53059
looking at event 1


On sample: M4
total events: 48461
looking at event 1


On sample: M5
total events: 50120
looking at event 1


On sample: M6
total events: 68575
looking at event 1


On sample: M7
total events: 59061
looking at event 1


On sample: M8
total events: 47528
looking at event 1


On sample: M9
total events: 58269
looking at event 1


On sample: M10
total events: 51338
looking at event 1


On sample: M15
total events: 58428
looking at event 1


On sample: M20
total events: 57759
looking at event 1


On sample: M25
total events: 66504
looking at event 1


On sample: M30
total events: 97819
looking at event 1


On sample: data
total events: 1177575
looking at event 1
looking at event 100001
looking at event 200001
looking at event 300001
looking at event 400001
looking at event 500001
looking at event 600001
looking at event 700001
looking at event 800001
looking at event 900001
looking at event 1000001
looking at event 1100001
138 fb^{-1} (13 TeV)
138 fb^{-1} (13 TeV)
138 fb^{-1} (13 TeV)
138 fb^{-1} (13 TeV)
138 fb^{-1} (13 TeV)
138 fb^{-1} (13 TeV)
138 fb^{-1} (13 TeV)
138 fb^{-1} (13 TeV)
138 fb^{-1} (13 TeV)
138 fb^{-1} (13 TeV)
138 fb^{-1} (13 TeV)
138 fb^{-1} (13 TeV)
138 fb^{-1} (13 TeV)
138 fb^{-1} (13 TeV)
138 fb^{-1} (13 TeV)
138 fb^{-1} (13 TeV)
138 fb^{-1} (13 TeV)
138 fb^{-1} (13 TeV)
138 fb^{-1} (13 TeV)
138 fb^{-1} (13 TeV)
138 fb^{-1} (13 TeV)
138 fb^{-1} (13 TeV)
138 fb^{-1} (13 TeV)
138 fb^{-1} (13 TeV)
138 fb^{-1} (13 TeV)
138 fb^{-1} (13 TeV)
138 fb^{-1} (13 TeV)
138 fb^{-1} (13 TeV)
138 fb^{-1} (13 TeV)
138 fb^{-1} (13 TeV)
138 fb^{-1} (13 TeV)
138 fb^{-1} (13 TeV)
138 fb^{-1} (13 TeV)
138 fb^{-1} (13 TeV)
138 fb^{-1} (13 TeV)
138 fb^{-1} (13 TeV)
138 fb^{-1} (13 TeV)
138 fb^{-1} (13 TeV)
138 fb^{-1} (13 TeV)
138 fb^{-1} (13 TeV)
138 fb^{-1} (13 TeV)
138 fb^{-1} (13 TeV)
138 fb^{-1} (13 TeV)
138 fb^{-1} (13 TeV)
138 fb^{-1} (13 TeV)
138 fb^{-1} (13 TeV)
138 fb^{-1} (13 TeV)
138 fb^{-1} (13 TeV)
138 fb^{-1} (13 TeV)
138 fb^{-1} (13 TeV)
138 fb^{-1} (13 TeV)
138 fb^{-1} (13 TeV)
138 fb^{-1} (13 TeV)
138 fb^{-1} (13 TeV)
138 fb^{-1} (13 TeV)
138 fb^{-1} (13 TeV)
138 fb^{-1} (13 TeV)
138 fb^{-1} (13 TeV)
138 fb^{-1} (13 TeV)
138 fb^{-1} (13 TeV)
138 fb^{-1} (13 TeV)
138 fb^{-1} (13 TeV)
138 fb^{-1} (13 TeV)
138 fb^{-1} (13 TeV)
138 fb^{-1} (13 TeV)
138 fb^{-1} (13 TeV)
138 fb^{-1} (13 TeV)
138 fb^{-1} (13 TeV)
138 fb^{-1} (13 TeV)
138 fb^{-1} (13 TeV)
138 fb^{-1} (13 TeV)
138 fb^{-1} (13 TeV)
138 fb^{-1} (13 TeV)
138 fb^{-1} (13 TeV)
138 fb^{-1} (13 TeV)
138 fb^{-1} (13 TeV)
138 fb^{-1} (13 TeV)
138 fb^{-1} (13 TeV)
138 fb^{-1} (13 TeV)
138 fb^{-1} (13 TeV)
138 fb^{-1} (13 TeV)
138 fb^{-1} (13 TeV)
138 fb^{-1} (13 TeV)
138 fb^{-1} (13 TeV)
138 fb^{-1} (13 TeV)
138 fb^{-1} (13 TeV)
138 fb^{-1} (13 TeV)
138 fb^{-1} (13 TeV)
138 fb^{-1} (13 TeV)
138 fb^{-1} (13 TeV)
138 fb^{-1} (13 TeV)
138 fb^{-1} (13 TeV)
138 fb^{-1} (13 TeV)
138 fb^{-1} (13 TeV)
138 fb^{-1} (13 TeV)
138 fb^{-1} (13 TeV)
138 fb^{-1} (13 TeV)
138 fb^{-1} (13 TeV)
138 fb^{-1} (13 TeV)
138 fb^{-1} (13 TeV)
138 fb^{-1} (13 TeV)
138 fb^{-1} (13 TeV)
138 fb^{-1} (13 TeV)
138 fb^{-1} (13 TeV)



Done
