Using built-in specs.
COLLECT_GCC=gcc
COLLECT_LTO_WRAPPER=/cvmfs/cms.cern.ch/slc7_amd64_gcc700/external/gcc/7.0.0-omkpbe2/bin/../libexec/gcc/x86_64-unknown-linux-gnu/7.3.1/lto-wrapper
Target: x86_64-unknown-linux-gnu
Configured with: ../configure --prefix=/build/cmsbld/auto-builds/CMSSW_10_1_0_pre2-slc7_amd64_gcc700/build/CMSSW_10_1_0_pre2-build/tmp/BUILDROOT/8ed230187c2a06a277ca03ddf192b0cd/opt/cmssw/slc7_amd64_gcc700/external/gcc/7.0.0-omkpbe2 --disable-multilib --disable-nls --disable-dssi --enable-languages=c,c++,fortran --enable-gnu-indirect-function --enable-__cxa_atexit --disable-libunwind-exceptions --enable-gnu-unique-object --enable-plugin --with-linker-hash-style=gnu --enable-linker-build-id --enable-ld=default --enable-lto --enable-gold=yes --with-gmp=/build/cmsbld/auto-builds/CMSSW_10_1_0_pre2-slc7_amd64_gcc700/build/CMSSW_10_1_0_pre2-build/tmp/BUILDROOT/8ed230187c2a06a277ca03ddf192b0cd/opt/cmssw/slc7_amd64_gcc700/external/gcc/7.0.0-omkpbe2 --with-mpfr=/build/cmsbld/auto-builds/CMSSW_10_1_0_pre2-slc7_amd64_gcc700/build/CMSSW_10_1_0_pre2-build/tmp/BUILDROOT/8ed230187c2a06a277ca03ddf192b0cd/opt/cmssw/slc7_amd64_gcc700/external/gcc/7.0.0-omkpbe2 --enable-bootstrap --with-mpc=/build/cmsbld/auto-builds/CMSSW_10_1_0_pre2-slc7_amd64_gcc700/build/CMSSW_10_1_0_pre2-build/tmp/BUILDROOT/8ed230187c2a06a277ca03ddf192b0cd/opt/cmssw/slc7_amd64_gcc700/external/gcc/7.0.0-omkpbe2 --with-isl=/build/cmsbld/auto-builds/CMSSW_10_1_0_pre2-slc7_amd64_gcc700/build/CMSSW_10_1_0_pre2-build/tmp/BUILDROOT/8ed230187c2a06a277ca03ddf192b0cd/opt/cmssw/slc7_amd64_gcc700/external/gcc/7.0.0-omkpbe2 --enable-checking=release --build=x86_64-unknown-linux-gnu --host=x86_64-unknown-linux-gnu --enable-libstdcxx-time=rt --enable-shared --disable-libgcj CC='gcc -fPIC' CXX='c++ -fPIC' CPP=cpp CXXCPP='c++ -E' CFLAGS=-I/build/cmsbld/auto-builds/CMSSW_10_1_0_pre2-slc7_amd64_gcc700/build/CMSSW_10_1_0_pre2-build/tmp/BUILDROOT/8ed230187c2a06a277ca03ddf192b0cd/opt/cmssw/slc7_amd64_gcc700/external/gcc/7.0.0-omkpbe2/tmp/sw/include CXXFLAGS=-I/build/cmsbld/auto-builds/CMSSW_10_1_0_pre2-slc7_amd64_gcc700/build/CMSSW_10_1_0_pre2-build/tmp/BUILDROOT/8ed230187c2a06a277ca03ddf192b0cd/opt/cmssw/slc7_amd64_gcc700/external/gcc/7.0.0-omkpbe2/tmp/sw/include LDFLAGS=-L/build/cmsbld/auto-builds/CMSSW_10_1_0_pre2-slc7_amd64_gcc700/build/CMSSW_10_1_0_pre2-build/tmp/BUILDROOT/8ed230187c2a06a277ca03ddf192b0cd/opt/cmssw/slc7_amd64_gcc700/external/gcc/7.0.0-omkpbe2/tmp/sw/lib
Thread model: posix
gcc version 7.3.1 20180127 (GCC) 
/cvmfs/cms.cern.ch/slc7_amd64_gcc700/external/py2-scikit-learn/0.19.1-ogkkac2/lib/python2.7/site-packages/sklearn/base.py:311: UserWarning: Trying to unpickle estimator LabelEncoder from version 0.20.3 when using version 0.19.1. This might lead to breaking code or invalid results. Use at your own risk.
  UserWarning)
Info in <TCanvas::MakeDefCanvas>:  created default TCanvas with name c1
TGraphAsymmErrors::Divide:0: RuntimeWarning: Number of graph points is different than histogram bins - 48 points have been skipped
Info in <TCanvas::Print>: pdf file plots_run2UL/plot_UL_mva/pho1HOE.pdf has been created
Info in <TCanvas::Print>: png file plots_run2UL/plot_UL_mva/pho1HOE.png has been created
Info in <TCanvas::Print>: eps file plots_run2UL/plot_UL_mva/pho1HOE.eps has been created
TGraphAsymmErrors::Divide:0: RuntimeWarning: Number of graph points is different than histogram bins - 3 points have been skipped
Info in <TCanvas::Print>: pdf file plots_run2UL/plot_UL_mva/pho1R9.pdf has been created
Info in <TCanvas::Print>: png file plots_run2UL/plot_UL_mva/pho1R9.png has been created
Info in <TCanvas::Print>: eps file plots_run2UL/plot_UL_mva/pho1R9.eps has been created
TGraphAsymmErrors::Divide:0: RuntimeWarning: Number of graph points is different than histogram bins - 5 points have been skipped
Info in <TCanvas::Print>: pdf file plots_run2UL/plot_UL_mva/pho1Pt.pdf has been created
Info in <TCanvas::Print>: png file plots_run2UL/plot_UL_mva/pho1Pt.png has been created
Info in <TCanvas::Print>: eps file plots_run2UL/plot_UL_mva/pho1Pt.eps has been created
TGraphAsymmErrors::Divide:0: RuntimeWarning: Number of graph points is different than histogram bins - 2 points have been skipped
Info in <TCanvas::Print>: pdf file plots_run2UL/plot_UL_mva/var_MhMa.pdf has been created
Info in <TCanvas::Print>: png file plots_run2UL/plot_UL_mva/var_MhMa.png has been created
Info in <TCanvas::Print>: eps file plots_run2UL/plot_UL_mva/var_MhMa.eps has been created
Info in <TCanvas::Print>: pdf file plots_run2UL/plot_UL_mva/var_Pta.pdf has been created
Info in <TCanvas::Print>: png file plots_run2UL/plot_UL_mva/var_Pta.png has been created
Info in <TCanvas::Print>: eps file plots_run2UL/plot_UL_mva/var_Pta.eps has been created
TGraphAsymmErrors::Divide:0: RuntimeWarning: Number of graph points is different than histogram bins - 4 points have been skipped
Info in <TCanvas::Print>: pdf file plots_run2UL/plot_UL_mva/pho2R9.pdf has been created
Info in <TCanvas::Print>: png file plots_run2UL/plot_UL_mva/pho2R9.png has been created
Info in <TCanvas::Print>: eps file plots_run2UL/plot_UL_mva/pho2R9.eps has been created
Info in <TCanvas::Print>: pdf file plots_run2UL/plot_UL_mva/H_pt.pdf has been created
Info in <TCanvas::Print>: png file plots_run2UL/plot_UL_mva/H_pt.png has been created
Info in <TCanvas::Print>: eps file plots_run2UL/plot_UL_mva/H_pt.eps has been created
Info in <TCanvas::Print>: pdf file plots_run2UL/plot_UL_mva/ALP_m.pdf has been created
Info in <TCanvas::Print>: png file plots_run2UL/plot_UL_mva/ALP_m.png has been created
Info in <TCanvas::Print>: eps file plots_run2UL/plot_UL_mva/ALP_m.eps has been created
Info in <TCanvas::Print>: pdf file plots_run2UL/plot_UL_mva/ALP_calculatedPhotonIso.pdf has been created
Info in <TCanvas::Print>: png file plots_run2UL/plot_UL_mva/ALP_calculatedPhotonIso.png has been created
Info in <TCanvas::Print>: eps file plots_run2UL/plot_UL_mva/ALP_calculatedPhotonIso.eps has been created
TGraphAsymmErrors::Divide:0: RuntimeWarning: Number of graph points is different than histogram bins - 9 points have been skipped
Info in <TCanvas::Print>: pdf file plots_run2UL/plot_UL_mva/pho2IetaIeta.pdf has been created
Info in <TCanvas::Print>: png file plots_run2UL/plot_UL_mva/pho2IetaIeta.png has been created
Info in <TCanvas::Print>: eps file plots_run2UL/plot_UL_mva/pho2IetaIeta.eps has been created
TGraphAsymmErrors::Divide:0: RuntimeWarning: Number of graph points is different than histogram bins - 3 points have been skipped
Info in <TCanvas::Print>: pdf file plots_run2UL/plot_UL_mva/pho1CIso.pdf has been created
Info in <TCanvas::Print>: png file plots_run2UL/plot_UL_mva/pho1CIso.png has been created
Info in <TCanvas::Print>: eps file plots_run2UL/plot_UL_mva/pho1CIso.eps has been created
Info in <TCanvas::Print>: pdf file plots_run2UL/plot_UL_mva/var_dR_g1Z.pdf has been created
Info in <TCanvas::Print>: png file plots_run2UL/plot_UL_mva/var_dR_g1Z.png has been created
Info in <TCanvas::Print>: eps file plots_run2UL/plot_UL_mva/var_dR_g1Z.eps has been created
Info in <TCanvas::Print>: pdf file plots_run2UL/plot_UL_mva/pho1IetaIeta55.pdf has been created
Info in <TCanvas::Print>: png file plots_run2UL/plot_UL_mva/pho1IetaIeta55.png has been created
Info in <TCanvas::Print>: eps file plots_run2UL/plot_UL_mva/pho1IetaIeta55.eps has been created
TGraphAsymmErrors::Divide:0: RuntimeWarning: Number of graph points is different than histogram bins - 10 points have been skipped
Info in <TCanvas::Print>: pdf file plots_run2UL/plot_UL_mva/pho1phi.pdf has been created
Info in <TCanvas::Print>: png file plots_run2UL/plot_UL_mva/pho1phi.png has been created
Info in <TCanvas::Print>: eps file plots_run2UL/plot_UL_mva/pho1phi.eps has been created
TGraphAsymmErrors::Divide:0: RuntimeWarning: Number of graph points is different than histogram bins - 10 points have been skipped
Info in <TCanvas::Print>: pdf file plots_run2UL/plot_UL_mva/pho2phi.pdf has been created
Info in <TCanvas::Print>: png file plots_run2UL/plot_UL_mva/pho2phi.png has been created
Info in <TCanvas::Print>: eps file plots_run2UL/plot_UL_mva/pho2phi.eps has been created
Info in <TCanvas::Print>: pdf file plots_run2UL/plot_UL_mva/Z_m.pdf has been created
Info in <TCanvas::Print>: png file plots_run2UL/plot_UL_mva/Z_m.png has been created
Info in <TCanvas::Print>: eps file plots_run2UL/plot_UL_mva/Z_m.eps has been created
Info in <TCanvas::Print>: pdf file plots_run2UL/plot_UL_mva/var_dR_g1g2.pdf has been created
Info in <TCanvas::Print>: png file plots_run2UL/plot_UL_mva/var_dR_g1g2.png has been created
Info in <TCanvas::Print>: eps file plots_run2UL/plot_UL_mva/var_dR_g1g2.eps has been created
TGraphAsymmErrors::Divide:0: RuntimeWarning: Number of graph points is different than histogram bins - 9 points have been skipped
Info in <TCanvas::Print>: pdf file plots_run2UL/plot_UL_mva/pho1IetaIeta.pdf has been created
Info in <TCanvas::Print>: png file plots_run2UL/plot_UL_mva/pho1IetaIeta.png has been created
Info in <TCanvas::Print>: eps file plots_run2UL/plot_UL_mva/pho1IetaIeta.eps has been created
Info in <TCanvas::Print>: pdf file plots_run2UL/plot_UL_mva/pho2PIso_noCorr.pdf has been created
Info in <TCanvas::Print>: png file plots_run2UL/plot_UL_mva/pho2PIso_noCorr.png has been created
Info in <TCanvas::Print>: eps file plots_run2UL/plot_UL_mva/pho2PIso_noCorr.eps has been created
Info in <TCanvas::Print>: pdf file plots_run2UL/plot_UL_mva/pho1PIso_noCorr.pdf has been created
Info in <TCanvas::Print>: png file plots_run2UL/plot_UL_mva/pho1PIso_noCorr.png has been created
Info in <TCanvas::Print>: eps file plots_run2UL/plot_UL_mva/pho1PIso_noCorr.eps has been created
Info in <TCanvas::Print>: pdf file plots_run2UL/plot_UL_mva/var_PtaOverMa.pdf has been created
Info in <TCanvas::Print>: png file plots_run2UL/plot_UL_mva/var_PtaOverMa.png has been created
Info in <TCanvas::Print>: eps file plots_run2UL/plot_UL_mva/var_PtaOverMa.eps has been created
TGraphAsymmErrors::Divide:0: RuntimeWarning: Number of graph points is different than histogram bins - 8 points have been skipped
Info in <TCanvas::Print>: pdf file plots_run2UL/plot_UL_mva/pho2eta.pdf has been created
Info in <TCanvas::Print>: png file plots_run2UL/plot_UL_mva/pho2eta.png has been created
Info in <TCanvas::Print>: eps file plots_run2UL/plot_UL_mva/pho2eta.eps has been created
TGraphAsymmErrors::Divide:0: RuntimeWarning: Number of graph points is different than histogram bins - 8 points have been skipped
Info in <TCanvas::Print>: pdf file plots_run2UL/plot_UL_mva/pho1eta.pdf has been created
Info in <TCanvas::Print>: png file plots_run2UL/plot_UL_mva/pho1eta.png has been created
Info in <TCanvas::Print>: eps file plots_run2UL/plot_UL_mva/pho1eta.eps has been created
TGraphAsymmErrors::Divide:0: RuntimeWarning: Number of graph points is different than histogram bins - 1 points have been skipped
Info in <TCanvas::Print>: pdf file plots_run2UL/plot_UL_mva/var_PtaOverMh.pdf has been created
Info in <TCanvas::Print>: png file plots_run2UL/plot_UL_mva/var_PtaOverMh.png has been created
Info in <TCanvas::Print>: eps file plots_run2UL/plot_UL_mva/var_PtaOverMh.eps has been created
Info in <TCanvas::Print>: pdf file plots_run2UL/plot_UL_mva/param.pdf has been created
Info in <TCanvas::Print>: png file plots_run2UL/plot_UL_mva/param.png has been created
Info in <TCanvas::Print>: eps file plots_run2UL/plot_UL_mva/param.eps has been created
Info in <TCanvas::Print>: pdf file plots_run2UL/plot_UL_mva/pho1NIso.pdf has been created
Info in <TCanvas::Print>: png file plots_run2UL/plot_UL_mva/pho1NIso.png has been created
Info in <TCanvas::Print>: eps file plots_run2UL/plot_UL_mva/pho1NIso.eps has been created
TGraphAsymmErrors::Divide:0: RuntimeWarning: Number of graph points is different than histogram bins - 3 points have been skipped
Info in <TCanvas::Print>: pdf file plots_run2UL/plot_UL_mva/pho2CIso.pdf has been created
Info in <TCanvas::Print>: png file plots_run2UL/plot_UL_mva/pho2CIso.png has been created
Info in <TCanvas::Print>: eps file plots_run2UL/plot_UL_mva/pho2CIso.eps has been created
Info in <TCanvas::Print>: pdf file plots_run2UL/plot_UL_mva/pho2IetaIeta55.pdf has been created
Info in <TCanvas::Print>: png file plots_run2UL/plot_UL_mva/pho2IetaIeta55.png has been created
Info in <TCanvas::Print>: eps file plots_run2UL/plot_UL_mva/pho2IetaIeta55.eps has been created
Info in <TCanvas::Print>: pdf file plots_run2UL/plot_UL_mva/var_dR_Za.pdf has been created
Info in <TCanvas::Print>: png file plots_run2UL/plot_UL_mva/var_dR_Za.png has been created
Info in <TCanvas::Print>: eps file plots_run2UL/plot_UL_mva/var_dR_Za.eps has been created
Info in <TCanvas::Print>: pdf file plots_run2UL/plot_UL_mva/pho2NIso.pdf has been created
Info in <TCanvas::Print>: png file plots_run2UL/plot_UL_mva/pho2NIso.png has been created
Info in <TCanvas::Print>: eps file plots_run2UL/plot_UL_mva/pho2NIso.eps has been created
TGraphAsymmErrors::Divide:0: RuntimeWarning: Number of graph points is different than histogram bins - 5 points have been skipped
Info in <TCanvas::Print>: pdf file plots_run2UL/plot_UL_mva/pho2Pt.pdf has been created
Info in <TCanvas::Print>: png file plots_run2UL/plot_UL_mva/pho2Pt.png has been created
Info in <TCanvas::Print>: eps file plots_run2UL/plot_UL_mva/pho2Pt.eps has been created
TGraphAsymmErrors::Divide:0: RuntimeWarning: Number of graph points is different than histogram bins - 15 points have been skipped
Info in <TCanvas::Print>: pdf file plots_run2UL/plot_UL_mva/H_m.pdf has been created
Info in <TCanvas::Print>: png file plots_run2UL/plot_UL_mva/H_m.png has been created
Info in <TCanvas::Print>: eps file plots_run2UL/plot_UL_mva/H_m.eps has been created
TGraphAsymmErrors::Divide:0: RuntimeWarning: Number of graph points is different than histogram bins - 7 points have been skipped
Info in <TCanvas::Print>: pdf file plots_run2UL/plot_UL_mva/var_MhMZ.pdf has been created
Info in <TCanvas::Print>: png file plots_run2UL/plot_UL_mva/var_MhMZ.png has been created
Info in <TCanvas::Print>: eps file plots_run2UL/plot_UL_mva/var_MhMZ.eps has been created
TGraphAsymmErrors::Divide:0: RuntimeWarning: Number of graph points is different than histogram bins - 48 points have been skipped
Info in <TCanvas::Print>: pdf file plots_run2UL/plot_UL_mva/pho2HOE.pdf has been created
Info in <TCanvas::Print>: png file plots_run2UL/plot_UL_mva/pho2HOE.png has been created
Info in <TCanvas::Print>: eps file plots_run2UL/plot_UL_mva/pho2HOE.eps has been created
Info in <TCanvas::Print>: pdf file plots_run2UL/plot_UL_mva/mvaVal_M1.pdf has been created
Info in <TCanvas::Print>: png file plots_run2UL/plot_UL_mva/mvaVal_M1.png has been created
Info in <TCanvas::Print>: eps file plots_run2UL/plot_UL_mva/mvaVal_M1.eps has been created
Info in <TCanvas::Print>: pdf file plots_run2UL/plot_UL_mva/mvaVal_M2.pdf has been created
Info in <TCanvas::Print>: png file plots_run2UL/plot_UL_mva/mvaVal_M2.png has been created
Info in <TCanvas::Print>: eps file plots_run2UL/plot_UL_mva/mvaVal_M2.eps has been created
Info in <TCanvas::Print>: pdf file plots_run2UL/plot_UL_mva/mvaVal_M3.pdf has been created
Info in <TCanvas::Print>: png file plots_run2UL/plot_UL_mva/mvaVal_M3.png has been created
Info in <TCanvas::Print>: eps file plots_run2UL/plot_UL_mva/mvaVal_M3.eps has been created
Info in <TCanvas::Print>: pdf file plots_run2UL/plot_UL_mva/mvaVal_M4.pdf has been created
Info in <TCanvas::Print>: png file plots_run2UL/plot_UL_mva/mvaVal_M4.png has been created
Info in <TCanvas::Print>: eps file plots_run2UL/plot_UL_mva/mvaVal_M4.eps has been created
Info in <TCanvas::Print>: pdf file plots_run2UL/plot_UL_mva/mvaVal_M5.pdf has been created
Info in <TCanvas::Print>: png file plots_run2UL/plot_UL_mva/mvaVal_M5.png has been created
Info in <TCanvas::Print>: eps file plots_run2UL/plot_UL_mva/mvaVal_M5.eps has been created
Info in <TCanvas::Print>: pdf file plots_run2UL/plot_UL_mva/mvaVal_M6.pdf has been created
Info in <TCanvas::Print>: png file plots_run2UL/plot_UL_mva/mvaVal_M6.png has been created
Info in <TCanvas::Print>: eps file plots_run2UL/plot_UL_mva/mvaVal_M6.eps has been created
Info in <TCanvas::Print>: pdf file plots_run2UL/plot_UL_mva/mvaVal_M7.pdf has been created
Info in <TCanvas::Print>: png file plots_run2UL/plot_UL_mva/mvaVal_M7.png has been created
Info in <TCanvas::Print>: eps file plots_run2UL/plot_UL_mva/mvaVal_M7.eps has been created
Info in <TCanvas::Print>: pdf file plots_run2UL/plot_UL_mva/mvaVal_M8.pdf has been created
Info in <TCanvas::Print>: png file plots_run2UL/plot_UL_mva/mvaVal_M8.png has been created
Info in <TCanvas::Print>: eps file plots_run2UL/plot_UL_mva/mvaVal_M8.eps has been created
Info in <TCanvas::Print>: pdf file plots_run2UL/plot_UL_mva/mvaVal_M9.pdf has been created
Info in <TCanvas::Print>: png file plots_run2UL/plot_UL_mva/mvaVal_M9.png has been created
Info in <TCanvas::Print>: eps file plots_run2UL/plot_UL_mva/mvaVal_M9.eps has been created
Info in <TCanvas::Print>: pdf file plots_run2UL/plot_UL_mva/mvaVal_M10.pdf has been created
Info in <TCanvas::Print>: png file plots_run2UL/plot_UL_mva/mvaVal_M10.png has been created
Info in <TCanvas::Print>: eps file plots_run2UL/plot_UL_mva/mvaVal_M10.eps has been created
Info in <TCanvas::Print>: pdf file plots_run2UL/plot_UL_mva/mvaVal_M15.pdf has been created
Info in <TCanvas::Print>: png file plots_run2UL/plot_UL_mva/mvaVal_M15.png has been created
Info in <TCanvas::Print>: eps file plots_run2UL/plot_UL_mva/mvaVal_M15.eps has been created
Info in <TCanvas::Print>: pdf file plots_run2UL/plot_UL_mva/mvaVal_M20.pdf has been created
Info in <TCanvas::Print>: png file plots_run2UL/plot_UL_mva/mvaVal_M20.png has been created
Info in <TCanvas::Print>: eps file plots_run2UL/plot_UL_mva/mvaVal_M20.eps has been created
Info in <TCanvas::Print>: pdf file plots_run2UL/plot_UL_mva/mvaVal_M25.pdf has been created
Info in <TCanvas::Print>: png file plots_run2UL/plot_UL_mva/mvaVal_M25.png has been created
Info in <TCanvas::Print>: eps file plots_run2UL/plot_UL_mva/mvaVal_M25.eps has been created
Info in <TCanvas::Print>: pdf file plots_run2UL/plot_UL_mva/mvaVal_M30.pdf has been created
Info in <TCanvas::Print>: png file plots_run2UL/plot_UL_mva/mvaVal_M30.png has been created
Info in <TCanvas::Print>: eps file plots_run2UL/plot_UL_mva/mvaVal_M30.eps has been created
TGraphAsymmErrors::Divide:0: RuntimeWarning: Number of graph points is different than histogram bins - 2 points have been skipped
Info in <TCanvas::Print>: pdf file plots_run2UL/plot_UL_mva/mvaVal_1sigma_M1.pdf has been created
Info in <TCanvas::Print>: png file plots_run2UL/plot_UL_mva/mvaVal_1sigma_M1.png has been created
Info in <TCanvas::Print>: eps file plots_run2UL/plot_UL_mva/mvaVal_1sigma_M1.eps has been created
Info in <TCanvas::Print>: pdf file plots_run2UL/plot_UL_mva/mvaVal_1P5sigma_M1.pdf has been created
Info in <TCanvas::Print>: png file plots_run2UL/plot_UL_mva/mvaVal_1P5sigma_M1.png has been created
Info in <TCanvas::Print>: eps file plots_run2UL/plot_UL_mva/mvaVal_1P5sigma_M1.eps has been created
Info in <TCanvas::Print>: pdf file plots_run2UL/plot_UL_mva/mvaVal_2sigma_M1.pdf has been created
Info in <TCanvas::Print>: png file plots_run2UL/plot_UL_mva/mvaVal_2sigma_M1.png has been created
Info in <TCanvas::Print>: eps file plots_run2UL/plot_UL_mva/mvaVal_2sigma_M1.eps has been created
Info in <TCanvas::Print>: pdf file plots_run2UL/plot_UL_mva/mvaVal_3sigma_M1.pdf has been created
Info in <TCanvas::Print>: png file plots_run2UL/plot_UL_mva/mvaVal_3sigma_M1.png has been created
Info in <TCanvas::Print>: eps file plots_run2UL/plot_UL_mva/mvaVal_3sigma_M1.eps has been created
TGraphAsymmErrors::Divide:0: RuntimeWarning: Number of graph points is different than histogram bins - 35 points have been skipped
Info in <TCanvas::Print>: pdf file plots_run2UL/plot_UL_mva/mvaVal_1sigma_M2.pdf has been created
Info in <TCanvas::Print>: png file plots_run2UL/plot_UL_mva/mvaVal_1sigma_M2.png has been created
Info in <TCanvas::Print>: eps file plots_run2UL/plot_UL_mva/mvaVal_1sigma_M2.eps has been created
TGraphAsymmErrors::Divide:0: RuntimeWarning: Number of graph points is different than histogram bins - 16 points have been skipped
Info in <TCanvas::Print>: pdf file plots_run2UL/plot_UL_mva/mvaVal_1P5sigma_M2.pdf has been created
Info in <TCanvas::Print>: png file plots_run2UL/plot_UL_mva/mvaVal_1P5sigma_M2.png has been created
Info in <TCanvas::Print>: eps file plots_run2UL/plot_UL_mva/mvaVal_1P5sigma_M2.eps has been created
TGraphAsymmErrors::Divide:0: RuntimeWarning: Number of graph points is different than histogram bins - 10 points have been skipped
Info in <TCanvas::Print>: pdf file plots_run2UL/plot_UL_mva/mvaVal_2sigma_M2.pdf has been created
Info in <TCanvas::Print>: png file plots_run2UL/plot_UL_mva/mvaVal_2sigma_M2.png has been created
Info in <TCanvas::Print>: eps file plots_run2UL/plot_UL_mva/mvaVal_2sigma_M2.eps has been created
TGraphAsymmErrors::Divide:0: RuntimeWarning: Number of graph points is different than histogram bins - 1 points have been skipped
Info in <TCanvas::Print>: pdf file plots_run2UL/plot_UL_mva/mvaVal_3sigma_M2.pdf has been created
Info in <TCanvas::Print>: png file plots_run2UL/plot_UL_mva/mvaVal_3sigma_M2.png has been created
Info in <TCanvas::Print>: eps file plots_run2UL/plot_UL_mva/mvaVal_3sigma_M2.eps has been created
TGraphAsymmErrors::Divide:0: RuntimeWarning: Number of graph points is different than histogram bins - 59 points have been skipped
Info in <TCanvas::Print>: pdf file plots_run2UL/plot_UL_mva/mvaVal_1sigma_M3.pdf has been created
Info in <TCanvas::Print>: png file plots_run2UL/plot_UL_mva/mvaVal_1sigma_M3.png has been created
Info in <TCanvas::Print>: eps file plots_run2UL/plot_UL_mva/mvaVal_1sigma_M3.eps has been created
TGraphAsymmErrors::Divide:0: RuntimeWarning: Number of graph points is different than histogram bins - 43 points have been skipped
Info in <TCanvas::Print>: pdf file plots_run2UL/plot_UL_mva/mvaVal_1P5sigma_M3.pdf has been created
Info in <TCanvas::Print>: png file plots_run2UL/plot_UL_mva/mvaVal_1P5sigma_M3.png has been created
Info in <TCanvas::Print>: eps file plots_run2UL/plot_UL_mva/mvaVal_1P5sigma_M3.eps has been created
TGraphAsymmErrors::Divide:0: RuntimeWarning: Number of graph points is different than histogram bins - 32 points have been skipped
Info in <TCanvas::Print>: pdf file plots_run2UL/plot_UL_mva/mvaVal_2sigma_M3.pdf has been created
Info in <TCanvas::Print>: png file plots_run2UL/plot_UL_mva/mvaVal_2sigma_M3.png has been created
Info in <TCanvas::Print>: eps file plots_run2UL/plot_UL_mva/mvaVal_2sigma_M3.eps has been created
TGraphAsymmErrors::Divide:0: RuntimeWarning: Number of graph points is different than histogram bins - 17 points have been skipped
Info in <TCanvas::Print>: pdf file plots_run2UL/plot_UL_mva/mvaVal_3sigma_M3.pdf has been created
Info in <TCanvas::Print>: png file plots_run2UL/plot_UL_mva/mvaVal_3sigma_M3.png has been created
Info in <TCanvas::Print>: eps file plots_run2UL/plot_UL_mva/mvaVal_3sigma_M3.eps has been created
TGraphAsymmErrors::Divide:0: RuntimeWarning: Number of graph points is different than histogram bins - 81 points have been skipped
Info in <TCanvas::Print>: pdf file plots_run2UL/plot_UL_mva/mvaVal_1sigma_M4.pdf has been created
Info in <TCanvas::Print>: png file plots_run2UL/plot_UL_mva/mvaVal_1sigma_M4.png has been created
Info in <TCanvas::Print>: eps file plots_run2UL/plot_UL_mva/mvaVal_1sigma_M4.eps has been created
TGraphAsymmErrors::Divide:0: RuntimeWarning: Number of graph points is different than histogram bins - 63 points have been skipped
Info in <TCanvas::Print>: pdf file plots_run2UL/plot_UL_mva/mvaVal_1P5sigma_M4.pdf has been created
Info in <TCanvas::Print>: png file plots_run2UL/plot_UL_mva/mvaVal_1P5sigma_M4.png has been created
Info in <TCanvas::Print>: eps file plots_run2UL/plot_UL_mva/mvaVal_1P5sigma_M4.eps has been created
TGraphAsymmErrors::Divide:0: RuntimeWarning: Number of graph points is different than histogram bins - 58 points have been skipped
Info in <TCanvas::Print>: pdf file plots_run2UL/plot_UL_mva/mvaVal_2sigma_M4.pdf has been created
Info in <TCanvas::Print>: png file plots_run2UL/plot_UL_mva/mvaVal_2sigma_M4.png has been created
Info in <TCanvas::Print>: eps file plots_run2UL/plot_UL_mva/mvaVal_2sigma_M4.eps has been created
TGraphAsymmErrors::Divide:0: RuntimeWarning: Number of graph points is different than histogram bins - 38 points have been skipped
Info in <TCanvas::Print>: pdf file plots_run2UL/plot_UL_mva/mvaVal_3sigma_M4.pdf has been created
Info in <TCanvas::Print>: png file plots_run2UL/plot_UL_mva/mvaVal_3sigma_M4.png has been created
Info in <TCanvas::Print>: eps file plots_run2UL/plot_UL_mva/mvaVal_3sigma_M4.eps has been created
TGraphAsymmErrors::Divide:0: RuntimeWarning: Number of graph points is different than histogram bins - 80 points have been skipped
Info in <TCanvas::Print>: pdf file plots_run2UL/plot_UL_mva/mvaVal_1sigma_M5.pdf has been created
Info in <TCanvas::Print>: png file plots_run2UL/plot_UL_mva/mvaVal_1sigma_M5.png has been created
Info in <TCanvas::Print>: eps file plots_run2UL/plot_UL_mva/mvaVal_1sigma_M5.eps has been created
TGraphAsymmErrors::Divide:0: RuntimeWarning: Number of graph points is different than histogram bins - 63 points have been skipped
Info in <TCanvas::Print>: pdf file plots_run2UL/plot_UL_mva/mvaVal_1P5sigma_M5.pdf has been created
Info in <TCanvas::Print>: png file plots_run2UL/plot_UL_mva/mvaVal_1P5sigma_M5.png has been created
Info in <TCanvas::Print>: eps file plots_run2UL/plot_UL_mva/mvaVal_1P5sigma_M5.eps has been created
TGraphAsymmErrors::Divide:0: RuntimeWarning: Number of graph points is different than histogram bins - 58 points have been skipped
Info in <TCanvas::Print>: pdf file plots_run2UL/plot_UL_mva/mvaVal_2sigma_M5.pdf has been created
Info in <TCanvas::Print>: png file plots_run2UL/plot_UL_mva/mvaVal_2sigma_M5.png has been created
Info in <TCanvas::Print>: eps file plots_run2UL/plot_UL_mva/mvaVal_2sigma_M5.eps has been created
TGraphAsymmErrors::Divide:0: RuntimeWarning: Number of graph points is different than histogram bins - 44 points have been skipped
Info in <TCanvas::Print>: pdf file plots_run2UL/plot_UL_mva/mvaVal_3sigma_M5.pdf has been created
Info in <TCanvas::Print>: png file plots_run2UL/plot_UL_mva/mvaVal_3sigma_M5.png has been created
Info in <TCanvas::Print>: eps file plots_run2UL/plot_UL_mva/mvaVal_3sigma_M5.eps has been created
TGraphAsymmErrors::Divide:0: RuntimeWarning: Number of graph points is different than histogram bins - 86 points have been skipped
Info in <TCanvas::Print>: pdf file plots_run2UL/plot_UL_mva/mvaVal_1sigma_M6.pdf has been created
Info in <TCanvas::Print>: png file plots_run2UL/plot_UL_mva/mvaVal_1sigma_M6.png has been created
Info in <TCanvas::Print>: eps file plots_run2UL/plot_UL_mva/mvaVal_1sigma_M6.eps has been created
TGraphAsymmErrors::Divide:0: RuntimeWarning: Number of graph points is different than histogram bins - 73 points have been skipped
Info in <TCanvas::Print>: pdf file plots_run2UL/plot_UL_mva/mvaVal_1P5sigma_M6.pdf has been created
Info in <TCanvas::Print>: png file plots_run2UL/plot_UL_mva/mvaVal_1P5sigma_M6.png has been created
Info in <TCanvas::Print>: eps file plots_run2UL/plot_UL_mva/mvaVal_1P5sigma_M6.eps has been created
TGraphAsymmErrors::Divide:0: RuntimeWarning: Number of graph points is different than histogram bins - 59 points have been skipped
Info in <TCanvas::Print>: pdf file plots_run2UL/plot_UL_mva/mvaVal_2sigma_M6.pdf has been created
Info in <TCanvas::Print>: png file plots_run2UL/plot_UL_mva/mvaVal_2sigma_M6.png has been created
Info in <TCanvas::Print>: eps file plots_run2UL/plot_UL_mva/mvaVal_2sigma_M6.eps has been created
TGraphAsymmErrors::Divide:0: RuntimeWarning: Number of graph points is different than histogram bins - 37 points have been skipped
Info in <TCanvas::Print>: pdf file plots_run2UL/plot_UL_mva/mvaVal_3sigma_M6.pdf has been created
Info in <TCanvas::Print>: png file plots_run2UL/plot_UL_mva/mvaVal_3sigma_M6.png has been created
Info in <TCanvas::Print>: eps file plots_run2UL/plot_UL_mva/mvaVal_3sigma_M6.eps has been created
TGraphAsymmErrors::Divide:0: RuntimeWarning: Number of graph points is different than histogram bins - 81 points have been skipped
Info in <TCanvas::Print>: pdf file plots_run2UL/plot_UL_mva/mvaVal_1sigma_M7.pdf has been created
Info in <TCanvas::Print>: png file plots_run2UL/plot_UL_mva/mvaVal_1sigma_M7.png has been created
Info in <TCanvas::Print>: eps file plots_run2UL/plot_UL_mva/mvaVal_1sigma_M7.eps has been created
TGraphAsymmErrors::Divide:0: RuntimeWarning: Number of graph points is different than histogram bins - 72 points have been skipped
Info in <TCanvas::Print>: pdf file plots_run2UL/plot_UL_mva/mvaVal_1P5sigma_M7.pdf has been created
Info in <TCanvas::Print>: png file plots_run2UL/plot_UL_mva/mvaVal_1P5sigma_M7.png has been created
Info in <TCanvas::Print>: eps file plots_run2UL/plot_UL_mva/mvaVal_1P5sigma_M7.eps has been created
TGraphAsymmErrors::Divide:0: RuntimeWarning: Number of graph points is different than histogram bins - 66 points have been skipped
Info in <TCanvas::Print>: pdf file plots_run2UL/plot_UL_mva/mvaVal_2sigma_M7.pdf has been created
Info in <TCanvas::Print>: png file plots_run2UL/plot_UL_mva/mvaVal_2sigma_M7.png has been created
Info in <TCanvas::Print>: eps file plots_run2UL/plot_UL_mva/mvaVal_2sigma_M7.eps has been created
TGraphAsymmErrors::Divide:0: RuntimeWarning: Number of graph points is different than histogram bins - 50 points have been skipped
Info in <TCanvas::Print>: pdf file plots_run2UL/plot_UL_mva/mvaVal_3sigma_M7.pdf has been created
Info in <TCanvas::Print>: png file plots_run2UL/plot_UL_mva/mvaVal_3sigma_M7.png has been created
Info in <TCanvas::Print>: eps file plots_run2UL/plot_UL_mva/mvaVal_3sigma_M7.eps has been created
TGraphAsymmErrors::Divide:0: RuntimeWarning: Number of graph points is different than histogram bins - 84 points have been skipped
Info in <TCanvas::Print>: pdf file plots_run2UL/plot_UL_mva/mvaVal_1sigma_M8.pdf has been created
Info in <TCanvas::Print>: png file plots_run2UL/plot_UL_mva/mvaVal_1sigma_M8.png has been created
Info in <TCanvas::Print>: eps file plots_run2UL/plot_UL_mva/mvaVal_1sigma_M8.eps has been created
TGraphAsymmErrors::Divide:0: RuntimeWarning: Number of graph points is different than histogram bins - 64 points have been skipped
Info in <TCanvas::Print>: pdf file plots_run2UL/plot_UL_mva/mvaVal_1P5sigma_M8.pdf has been created
Info in <TCanvas::Print>: png file plots_run2UL/plot_UL_mva/mvaVal_1P5sigma_M8.png has been created
Info in <TCanvas::Print>: eps file plots_run2UL/plot_UL_mva/mvaVal_1P5sigma_M8.eps has been created
TGraphAsymmErrors::Divide:0: RuntimeWarning: Number of graph points is different than histogram bins - 54 points have been skipped
Info in <TCanvas::Print>: pdf file plots_run2UL/plot_UL_mva/mvaVal_2sigma_M8.pdf has been created
Info in <TCanvas::Print>: png file plots_run2UL/plot_UL_mva/mvaVal_2sigma_M8.png has been created
Info in <TCanvas::Print>: eps file plots_run2UL/plot_UL_mva/mvaVal_2sigma_M8.eps has been created
TGraphAsymmErrors::Divide:0: RuntimeWarning: Number of graph points is different than histogram bins - 40 points have been skipped
Info in <TCanvas::Print>: pdf file plots_run2UL/plot_UL_mva/mvaVal_3sigma_M8.pdf has been created
Info in <TCanvas::Print>: png file plots_run2UL/plot_UL_mva/mvaVal_3sigma_M8.png has been created
Info in <TCanvas::Print>: eps file plots_run2UL/plot_UL_mva/mvaVal_3sigma_M8.eps has been created
TGraphAsymmErrors::Divide:0: RuntimeWarning: Number of graph points is different than histogram bins - 78 points have been skipped
Info in <TCanvas::Print>: pdf file plots_run2UL/plot_UL_mva/mvaVal_1sigma_M9.pdf has been created
Info in <TCanvas::Print>: png file plots_run2UL/plot_UL_mva/mvaVal_1sigma_M9.png has been created
Info in <TCanvas::Print>: eps file plots_run2UL/plot_UL_mva/mvaVal_1sigma_M9.eps has been created
TGraphAsymmErrors::Divide:0: RuntimeWarning: Number of graph points is different than histogram bins - 62 points have been skipped
Info in <TCanvas::Print>: pdf file plots_run2UL/plot_UL_mva/mvaVal_1P5sigma_M9.pdf has been created
Info in <TCanvas::Print>: png file plots_run2UL/plot_UL_mva/mvaVal_1P5sigma_M9.png has been created
Info in <TCanvas::Print>: eps file plots_run2UL/plot_UL_mva/mvaVal_1P5sigma_M9.eps has been created
TGraphAsymmErrors::Divide:0: RuntimeWarning: Number of graph points is different than histogram bins - 52 points have been skipped
Info in <TCanvas::Print>: pdf file plots_run2UL/plot_UL_mva/mvaVal_2sigma_M9.pdf has been created
Info in <TCanvas::Print>: png file plots_run2UL/plot_UL_mva/mvaVal_2sigma_M9.png has been created
Info in <TCanvas::Print>: eps file plots_run2UL/plot_UL_mva/mvaVal_2sigma_M9.eps has been created
TGraphAsymmErrors::Divide:0: RuntimeWarning: Number of graph points is different than histogram bins - 35 points have been skipped
Info in <TCanvas::Print>: pdf file plots_run2UL/plot_UL_mva/mvaVal_3sigma_M9.pdf has been created
Info in <TCanvas::Print>: png file plots_run2UL/plot_UL_mva/mvaVal_3sigma_M9.png has been created
Info in <TCanvas::Print>: eps file plots_run2UL/plot_UL_mva/mvaVal_3sigma_M9.eps has been created
TGraphAsymmErrors::Divide:0: RuntimeWarning: Number of graph points is different than histogram bins - 70 points have been skipped
Info in <TCanvas::Print>: pdf file plots_run2UL/plot_UL_mva/mvaVal_1sigma_M10.pdf has been created
Info in <TCanvas::Print>: png file plots_run2UL/plot_UL_mva/mvaVal_1sigma_M10.png has been created
Info in <TCanvas::Print>: eps file plots_run2UL/plot_UL_mva/mvaVal_1sigma_M10.eps has been created
TGraphAsymmErrors::Divide:0: RuntimeWarning: Number of graph points is different than histogram bins - 54 points have been skipped
Info in <TCanvas::Print>: pdf file plots_run2UL/plot_UL_mva/mvaVal_1P5sigma_M10.pdf has been created
Info in <TCanvas::Print>: png file plots_run2UL/plot_UL_mva/mvaVal_1P5sigma_M10.png has been created
Info in <TCanvas::Print>: eps file plots_run2UL/plot_UL_mva/mvaVal_1P5sigma_M10.eps has been created
TGraphAsymmErrors::Divide:0: RuntimeWarning: Number of graph points is different than histogram bins - 39 points have been skipped
Info in <TCanvas::Print>: pdf file plots_run2UL/plot_UL_mva/mvaVal_2sigma_M10.pdf has been created
Info in <TCanvas::Print>: png file plots_run2UL/plot_UL_mva/mvaVal_2sigma_M10.png has been created
Info in <TCanvas::Print>: eps file plots_run2UL/plot_UL_mva/mvaVal_2sigma_M10.eps has been created
TGraphAsymmErrors::Divide:0: RuntimeWarning: Number of graph points is different than histogram bins - 24 points have been skipped
Info in <TCanvas::Print>: pdf file plots_run2UL/plot_UL_mva/mvaVal_3sigma_M10.pdf has been created
Info in <TCanvas::Print>: png file plots_run2UL/plot_UL_mva/mvaVal_3sigma_M10.png has been created
Info in <TCanvas::Print>: eps file plots_run2UL/plot_UL_mva/mvaVal_3sigma_M10.eps has been created
TGraphAsymmErrors::Divide:0: RuntimeWarning: Number of graph points is different than histogram bins - 63 points have been skipped
Info in <TCanvas::Print>: pdf file plots_run2UL/plot_UL_mva/mvaVal_1sigma_M15.pdf has been created
Info in <TCanvas::Print>: png file plots_run2UL/plot_UL_mva/mvaVal_1sigma_M15.png has been created
Info in <TCanvas::Print>: eps file plots_run2UL/plot_UL_mva/mvaVal_1sigma_M15.eps has been created
TGraphAsymmErrors::Divide:0: RuntimeWarning: Number of graph points is different than histogram bins - 44 points have been skipped
Info in <TCanvas::Print>: pdf file plots_run2UL/plot_UL_mva/mvaVal_1P5sigma_M15.pdf has been created
Info in <TCanvas::Print>: png file plots_run2UL/plot_UL_mva/mvaVal_1P5sigma_M15.png has been created
Info in <TCanvas::Print>: eps file plots_run2UL/plot_UL_mva/mvaVal_1P5sigma_M15.eps has been created
TGraphAsymmErrors::Divide:0: RuntimeWarning: Number of graph points is different than histogram bins - 35 points have been skipped
Info in <TCanvas::Print>: pdf file plots_run2UL/plot_UL_mva/mvaVal_2sigma_M15.pdf has been created
Info in <TCanvas::Print>: png file plots_run2UL/plot_UL_mva/mvaVal_2sigma_M15.png has been created
Info in <TCanvas::Print>: eps file plots_run2UL/plot_UL_mva/mvaVal_2sigma_M15.eps has been created
TGraphAsymmErrors::Divide:0: RuntimeWarning: Number of graph points is different than histogram bins - 17 points have been skipped
Info in <TCanvas::Print>: pdf file plots_run2UL/plot_UL_mva/mvaVal_3sigma_M15.pdf has been created
Info in <TCanvas::Print>: png file plots_run2UL/plot_UL_mva/mvaVal_3sigma_M15.png has been created
Info in <TCanvas::Print>: eps file plots_run2UL/plot_UL_mva/mvaVal_3sigma_M15.eps has been created
TGraphAsymmErrors::Divide:0: RuntimeWarning: Number of graph points is different than histogram bins - 53 points have been skipped
Info in <TCanvas::Print>: pdf file plots_run2UL/plot_UL_mva/mvaVal_1sigma_M20.pdf has been created
Info in <TCanvas::Print>: png file plots_run2UL/plot_UL_mva/mvaVal_1sigma_M20.png has been created
Info in <TCanvas::Print>: eps file plots_run2UL/plot_UL_mva/mvaVal_1sigma_M20.eps has been created
TGraphAsymmErrors::Divide:0: RuntimeWarning: Number of graph points is different than histogram bins - 35 points have been skipped
Info in <TCanvas::Print>: pdf file plots_run2UL/plot_UL_mva/mvaVal_1P5sigma_M20.pdf has been created
Info in <TCanvas::Print>: png file plots_run2UL/plot_UL_mva/mvaVal_1P5sigma_M20.png has been created
Info in <TCanvas::Print>: eps file plots_run2UL/plot_UL_mva/mvaVal_1P5sigma_M20.eps has been created
TGraphAsymmErrors::Divide:0: RuntimeWarning: Number of graph points is different than histogram bins - 20 points have been skipped
Info in <TCanvas::Print>: pdf file plots_run2UL/plot_UL_mva/mvaVal_2sigma_M20.pdf has been created
Info in <TCanvas::Print>: png file plots_run2UL/plot_UL_mva/mvaVal_2sigma_M20.png has been created
Info in <TCanvas::Print>: eps file plots_run2UL/plot_UL_mva/mvaVal_2sigma_M20.eps has been created
TGraphAsymmErrors::Divide:0: RuntimeWarning: Number of graph points is different than histogram bins - 9 points have been skipped
Info in <TCanvas::Print>: pdf file plots_run2UL/plot_UL_mva/mvaVal_3sigma_M20.pdf has been created
Info in <TCanvas::Print>: png file plots_run2UL/plot_UL_mva/mvaVal_3sigma_M20.png has been created
Info in <TCanvas::Print>: eps file plots_run2UL/plot_UL_mva/mvaVal_3sigma_M20.eps has been created
TGraphAsymmErrors::Divide:0: RuntimeWarning: Number of graph points is different than histogram bins - 26 points have been skipped
Info in <TCanvas::Print>: pdf file plots_run2UL/plot_UL_mva/mvaVal_1sigma_M25.pdf has been created
Info in <TCanvas::Print>: png file plots_run2UL/plot_UL_mva/mvaVal_1sigma_M25.png has been created
Info in <TCanvas::Print>: eps file plots_run2UL/plot_UL_mva/mvaVal_1sigma_M25.eps has been created
TGraphAsymmErrors::Divide:0: RuntimeWarning: Number of graph points is different than histogram bins - 11 points have been skipped
Info in <TCanvas::Print>: pdf file plots_run2UL/plot_UL_mva/mvaVal_1P5sigma_M25.pdf has been created
Info in <TCanvas::Print>: png file plots_run2UL/plot_UL_mva/mvaVal_1P5sigma_M25.png has been created
Info in <TCanvas::Print>: eps file plots_run2UL/plot_UL_mva/mvaVal_1P5sigma_M25.eps has been created
TGraphAsymmErrors::Divide:0: RuntimeWarning: Number of graph points is different than histogram bins - 5 points have been skipped
Info in <TCanvas::Print>: pdf file plots_run2UL/plot_UL_mva/mvaVal_2sigma_M25.pdf has been created
Info in <TCanvas::Print>: png file plots_run2UL/plot_UL_mva/mvaVal_2sigma_M25.png has been created
Info in <TCanvas::Print>: eps file plots_run2UL/plot_UL_mva/mvaVal_2sigma_M25.eps has been created
TGraphAsymmErrors::Divide:0: RuntimeWarning: Number of graph points is different than histogram bins - 4 points have been skipped
Info in <TCanvas::Print>: pdf file plots_run2UL/plot_UL_mva/mvaVal_3sigma_M25.pdf has been created
Info in <TCanvas::Print>: png file plots_run2UL/plot_UL_mva/mvaVal_3sigma_M25.png has been created
Info in <TCanvas::Print>: eps file plots_run2UL/plot_UL_mva/mvaVal_3sigma_M25.eps has been created
TGraphAsymmErrors::Divide:0: RuntimeWarning: Number of graph points is different than histogram bins - 18 points have been skipped
Info in <TCanvas::Print>: pdf file plots_run2UL/plot_UL_mva/mvaVal_1sigma_M30.pdf has been created
Info in <TCanvas::Print>: png file plots_run2UL/plot_UL_mva/mvaVal_1sigma_M30.png has been created
Info in <TCanvas::Print>: eps file plots_run2UL/plot_UL_mva/mvaVal_1sigma_M30.eps has been created
TGraphAsymmErrors::Divide:0: RuntimeWarning: Number of graph points is different than histogram bins - 3 points have been skipped
Info in <TCanvas::Print>: pdf file plots_run2UL/plot_UL_mva/mvaVal_1P5sigma_M30.pdf has been created
Info in <TCanvas::Print>: png file plots_run2UL/plot_UL_mva/mvaVal_1P5sigma_M30.png has been created
Info in <TCanvas::Print>: eps file plots_run2UL/plot_UL_mva/mvaVal_1P5sigma_M30.eps has been created
TGraphAsymmErrors::Divide:0: RuntimeWarning: Number of graph points is different than histogram bins - 1 points have been skipped
Info in <TCanvas::Print>: pdf file plots_run2UL/plot_UL_mva/mvaVal_2sigma_M30.pdf has been created
Info in <TCanvas::Print>: png file plots_run2UL/plot_UL_mva/mvaVal_2sigma_M30.png has been created
Info in <TCanvas::Print>: eps file plots_run2UL/plot_UL_mva/mvaVal_2sigma_M30.eps has been created
Info in <TCanvas::Print>: pdf file plots_run2UL/plot_UL_mva/mvaVal_3sigma_M30.pdf has been created
Info in <TCanvas::Print>: png file plots_run2UL/plot_UL_mva/mvaVal_3sigma_M30.png has been created
Info in <TCanvas::Print>: eps file plots_run2UL/plot_UL_mva/mvaVal_3sigma_M30.eps has been created
